# JRE version: Java(TM) SE Runtime Environment (13.0+33) (build 13+33)
# Java VM: Java HotSpot(TM) 64-Bit Server VM (13+33, mixed mode, sharing, tiered, compressed oops, parallel gc, windows-amd64)
Heap:
 PSYoungGen      total 22528K, used 2665K [0x00000000eab00000, 0x00000000ec700000, 0x0000000100000000)
  eden space 22016K, 12% used [0x00000000eab00000,0x00000000ead9a5f0,0x00000000ec080000)
  from space 512K, 0% used [0x00000000ec380000,0x00000000ec380000,0x00000000ec400000)
  to   space 1536K, 0% used [0x00000000ec580000,0x00000000ec580000,0x00000000ec700000)
 ParOldGen       total 68608K, used 26682K [0x00000000c0000000, 0x00000000c4300000, 0x00000000eab00000)
  object space 68608K, 38% used [0x00000000c0000000,0x00000000c1a0e8e8,0x00000000c4300000)
 Metaspace       used 34652K, capacity 36092K, committed 36312K, reserved 1081344K
  class space    used 3325K, capacity 3800K, committed 3840K, reserved 1048576K
GC Heap History (20 events):
Event: 7.848 GC heap before
{Heap before GC invocations=6 (full 1):
 PSYoungGen      total 29696K, used 28065K [0x00000000eab00000, 0x00000000ecc00000, 0x0000000100000000)
  eden space 25600K, 100% used [0x00000000eab00000,0x00000000ec400000,0x00000000ec400000)
  from space 4096K, 60% used [0x00000000ec800000,0x00000000eca68588,0x00000000ecc00000)
  to   space 4096K, 0% used [0x00000000ec400000,0x00000000ec400000,0x00000000ec800000)
 ParOldGen       total 68608K, used 7895K [0x00000000c0000000, 0x00000000c4300000, 0x00000000eab00000)
  object space 68608K, 11% used [0x00000000c0000000,0x00000000c07b5e88,0x00000000c4300000)
 Metaspace       used 24576K, capacity 25901K, committed 25984K, reserved 1073152K
  class space    used 2383K, capacity 2881K, committed 2944K, reserved 1048576K
}
Event: 7.859 GC heap after
{Heap after GC invocations=6 (full 1):
 PSYoungGen      total 29184K, used 4095K [0x00000000eab00000, 0x00000000ecd80000, 0x0000000100000000)
  eden space 25088K, 0% used [0x00000000eab00000,0x00000000eab00000,0x00000000ec380000)
  from space 4096K, 99% used [0x00000000ec400000,0x00000000ec7ffe40,0x00000000ec800000)
  to   space 5120K, 0% used [0x00000000ec880000,0x00000000ec880000,0x00000000ecd80000)
 ParOldGen       total 68608K, used 8215K [0x00000000c0000000, 0x00000000c4300000, 0x00000000eab00000)
  object space 68608K, 11% used [0x00000000c0000000,0x00000000c0805e88,0x00000000c4300000)
 Metaspace       used 24576K, capacity 25901K, committed 25984K, reserved 1073152K
  class space    used 2383K, capacity 2881K, committed 2944K, reserved 1048576K
}
Event: 8.029 GC heap before
{Heap before GC invocations=7 (full 1):
 PSYoungGen      total 29184K, used 29183K [0x00000000eab00000, 0x00000000ecd80000, 0x0000000100000000)
  eden space 25088K, 100% used [0x00000000eab00000,0x00000000ec380000,0x00000000ec380000)
  from space 4096K, 99% used [0x00000000ec400000,0x00000000ec7ffe40,0x00000000ec800000)
  to   space 5120K, 0% used [0x00000000ec880000,0x00000000ec880000,0x00000000ecd80000)
 ParOldGen       total 68608K, used 8215K [0x00000000c0000000, 0x00000000c4300000, 0x00000000eab00000)
  object space 68608K, 11% used [0x00000000c0000000,0x00000000c0805e88,0x00000000c4300000)
 Metaspace       used 24603K, capacity 25901K, committed 25984K, reserved 1073152K
  class space    used 2383K, capacity 2881K, committed 2944K, reserved 1048576K
}
Event: 8.046 GC heap after
{Heap after GC invocations=7 (full 1):
 PSYoungGen      total 28672K, used 5116K [0x00000000eab00000, 0x00000000ed000000, 0x0000000100000000)
  eden space 23552K, 0% used [0x00000000eab00000,0x00000000eab00000,0x00000000ec200000)
  from space 5120K, 99% used [0x00000000ec880000,0x00000000ecd7f070,0x00000000ecd80000)
  to   space 6656K, 0% used [0x00000000ec200000,0x00000000ec200000,0x00000000ec880000)
 ParOldGen       total 68608K, used 9227K [0x00000000c0000000, 0x00000000c4300000, 0x00000000eab00000)
  object space 68608K, 13% used [0x00000000c0000000,0x00000000c0902ee8,0x00000000c4300000)
 Metaspace       used 24603K, capacity 25901K, committed 25984K, reserved 1073152K
  class space    used 2383K, capacity 2881K, committed 2944K, reserved 1048576K
}
Event: 8.310 GC heap before
{Heap before GC invocations=8 (full 1):
 PSYoungGen      total 28672K, used 28668K [0x00000000eab00000, 0x00000000ed000000, 0x0000000100000000)
  eden space 23552K, 100% used [0x00000000eab00000,0x00000000ec200000,0x00000000ec200000)
  from space 5120K, 99% used [0x00000000ec880000,0x00000000ecd7f070,0x00000000ecd80000)
  to   space 6656K, 0% used [0x00000000ec200000,0x00000000ec200000,0x00000000ec880000)
 ParOldGen       total 68608K, used 9227K [0x00000000c0000000, 0x00000000c4300000, 0x00000000eab00000)
  object space 68608K, 13% used [0x00000000c0000000,0x00000000c0902ee8,0x00000000c4300000)
 Metaspace       used 24721K, capacity 26029K, committed 26240K, reserved 1073152K
  class space    used 2394K, capacity 2881K, committed 2944K, reserved 1048576K
}
Event: 8.327 GC heap after
{Heap after GC invocations=8 (full 1):
 PSYoungGen      total 29696K, used 6627K [0x00000000eab00000, 0x00000000ed180000, 0x0000000100000000)
  eden space 23040K, 0% used [0x00000000eab00000,0x00000000eab00000,0x00000000ec180000)
  from space 6656K, 99% used [0x00000000ec200000,0x00000000ec878db0,0x00000000ec880000)
  to   space 8192K, 0% used [0x00000000ec980000,0x00000000ec980000,0x00000000ed180000)
 ParOldGen       total 68608K, used 9995K [0x00000000c0000000, 0x00000000c4300000, 0x00000000eab00000)
  object space 68608K, 14% used [0x00000000c0000000,0x00000000c09c2ef8,0x00000000c4300000)
 Metaspace       used 24721K, capacity 26029K, committed 26240K, reserved 1073152K
  class space    used 2394K, capacity 2881K, committed 2944K, reserved 1048576K
}
Event: 8.429 GC heap before
{Heap before GC invocations=9 (full 1):
 PSYoungGen      total 29696K, used 29667K [0x00000000eab00000, 0x00000000ed180000, 0x0000000100000000)
  eden space 23040K, 100% used [0x00000000eab00000,0x00000000ec180000,0x00000000ec180000)
  from space 6656K, 99% used [0x00000000ec200000,0x00000000ec878db0,0x00000000ec880000)
  to   space 8192K, 0% used [0x00000000ec980000,0x00000000ec980000,0x00000000ed180000)
 ParOldGen       total 68608K, used 9995K [0x00000000c0000000, 0x00000000c4300000, 0x00000000eab00000)
  object space 68608K, 14% used [0x00000000c0000000,0x00000000c09c2ef8,0x00000000c4300000)
 Metaspace       used 24721K, capacity 26029K, committed 26240K, reserved 1073152K
  class space    used 2394K, capacity 2881K, committed 2944K, reserved 1048576K
}
Event: 8.453 GC heap after
{Heap after GC invocations=9 (full 1):
 PSYoungGen      total 29696K, used 6963K [0x00000000eab00000, 0x00000000ed080000, 0x0000000100000000)
  eden space 22528K, 0% used [0x00000000eab00000,0x00000000eab00000,0x00000000ec100000)
  from space 7168K, 97% used [0x00000000ec980000,0x00000000ed04cf90,0x00000000ed080000)
  to   space 7168K, 0% used [0x00000000ec280000,0x00000000ec280000,0x00000000ec980000)
 ParOldGen       total 68608K, used 11897K [0x00000000c0000000, 0x00000000c4300000, 0x00000000eab00000)
  object space 68608K, 17% used [0x00000000c0000000,0x00000000c0b9e7d8,0x00000000c4300000)
 Metaspace       used 24721K, capacity 26029K, committed 26240K, reserved 1073152K
  class space    used 2394K, capacity 2881K, committed 2944K, reserved 1048576K
}
Event: 8.547 GC heap before
{Heap before GC invocations=10 (full 1):
 PSYoungGen      total 29696K, used 29491K [0x00000000eab00000, 0x00000000ed080000, 0x0000000100000000)
  eden space 22528K, 100% used [0x00000000eab00000,0x00000000ec100000,0x00000000ec100000)
  from space 7168K, 97% used [0x00000000ec980000,0x00000000ed04cf90,0x00000000ed080000)
  to   space 7168K, 0% used [0x00000000ec280000,0x00000000ec280000,0x00000000ec980000)
 ParOldGen       total 68608K, used 11897K [0x00000000c0000000, 0x00000000c4300000, 0x00000000eab00000)
  object space 68608K, 17% used [0x00000000c0000000,0x00000000c0b9e7d8,0x00000000c4300000)
 Metaspace       used 24721K, capacity 26029K, committed 26240K, reserved 1073152K
  class space    used 2394K, capacity 2881K, committed 2944K, reserved 1048576K
}
Event: 8.561 GC heap after
{Heap after GC invocations=10 (full 1):
 PSYoungGen      total 28160K, used 5888K [0x00000000eab00000, 0x00000000ecd80000, 0x0000000100000000)
  eden space 22016K, 0% used [0x00000000eab00000,0x00000000eab00000,0x00000000ec080000)
  from space 6144K, 95% used [0x00000000ec280000,0x00000000ec840010,0x00000000ec880000)
  to   space 5120K, 0% used [0x00000000ec880000,0x00000000ec880000,0x00000000ecd80000)
 ParOldGen       total 68608K, used 14917K [0x00000000c0000000, 0x00000000c4300000, 0x00000000eab00000)
  object space 68608K, 21% used [0x00000000c0000000,0x00000000c0e91758,0x00000000c4300000)
 Metaspace       used 24721K, capacity 26029K, committed 26240K, reserved 1073152K
  class space    used 2394K, capacity 2881K, committed 2944K, reserved 1048576K
}
Event: 8.661 GC heap before
{Heap before GC invocations=11 (full 1):
 PSYoungGen      total 28160K, used 27904K [0x00000000eab00000, 0x00000000ecd80000, 0x0000000100000000)
  eden space 22016K, 100% used [0x00000000eab00000,0x00000000ec080000,0x00000000ec080000)
  from space 6144K, 95% used [0x00000000ec280000,0x00000000ec840010,0x00000000ec880000)
  to   space 5120K, 0% used [0x00000000ec880000,0x00000000ec880000,0x00000000ecd80000)
 ParOldGen       total 68608K, used 14917K [0x00000000c0000000, 0x00000000c4300000, 0x00000000eab00000)
  object space 68608K, 21% used [0x00000000c0000000,0x00000000c0e91758,0x00000000c4300000)
 Metaspace       used 24797K, capacity 26039K, committed 26240K, reserved 1073152K
  class space    used 2397K, capacity 2884K, committed 2944K, reserved 1048576K
}
Event: 8.676 GC heap after
{Heap after GC invocations=11 (full 1):
 PSYoungGen      total 26624K, used 4352K [0x00000000eab00000, 0x00000000ecd00000, 0x0000000100000000)
  eden space 22016K, 0% used [0x00000000eab00000,0x00000000eab00000,0x00000000ec080000)
  from space 4608K, 94% used [0x00000000ec880000,0x00000000eccc0000,0x00000000ecd00000)
  to   space 5120K, 0% used [0x00000000ec300000,0x00000000ec300000,0x00000000ec800000)
 ParOldGen       total 68608K, used 18797K [0x00000000c0000000, 0x00000000c4300000, 0x00000000eab00000)
  object space 68608K, 27% used [0x00000000c0000000,0x00000000c125b768,0x00000000c4300000)
 Metaspace       used 24797K, capacity 26039K, committed 26240K, reserved 1073152K
  class space    used 2397K, capacity 2884K, committed 2944K, reserved 1048576K
}
Event: 10.742 GC heap before
{Heap before GC invocations=12 (full 1):
 PSYoungGen      total 26624K, used 26368K [0x00000000eab00000, 0x00000000ecd00000, 0x0000000100000000)
  eden space 22016K, 100% used [0x00000000eab00000,0x00000000ec080000,0x00000000ec080000)
  from space 4608K, 94% used [0x00000000ec880000,0x00000000eccc0000,0x00000000ecd00000)
  to   space 5120K, 0% used [0x00000000ec300000,0x00000000ec300000,0x00000000ec800000)
 ParOldGen       total 68608K, used 18797K [0x00000000c0000000, 0x00000000c4300000, 0x00000000eab00000)
  object space 68608K, 27% used [0x00000000c0000000,0x00000000c125b768,0x00000000c4300000)
 Metaspace       used 31652K, capacity 33046K, committed 33280K, reserved 1079296K
  class space    used 3047K, capacity 3556K, committed 3584K, reserved 1048576K
}
Event: 10.771 GC heap after
{Heap after GC invocations=12 (full 1):
 PSYoungGen      total 25600K, used 3321K [0x00000000eab00000, 0x00000000ec900000, 0x0000000100000000)
  eden space 22016K, 0% used [0x00000000eab00000,0x00000000eab00000,0x00000000ec080000)
  from space 3584K, 92% used [0x00000000ec300000,0x00000000ec63e438,0x00000000ec680000)
  to   space 2560K, 0% used [0x00000000ec680000,0x00000000ec680000,0x00000000ec900000)
 ParOldGen       total 68608K, used 23117K [0x00000000c0000000, 0x00000000c4300000, 0x00000000eab00000)
  object space 68608K, 33% used [0x00000000c0000000,0x00000000c1693768,0x00000000c4300000)
 Metaspace       used 31652K, capacity 33046K, committed 33280K, reserved 1079296K
  class space    used 3047K, capacity 3556K, committed 3584K, reserved 1048576K
}
Event: 11.975 GC heap before
{Heap before GC invocations=13 (full 1):
 PSYoungGen      total 25600K, used 25337K [0x00000000eab00000, 0x00000000ec900000, 0x0000000100000000)
  eden space 22016K, 100% used [0x00000000eab00000,0x00000000ec080000,0x00000000ec080000)
  from space 3584K, 92% used [0x00000000ec300000,0x00000000ec63e438,0x00000000ec680000)
  to   space 2560K, 0% used [0x00000000ec680000,0x00000000ec680000,0x00000000ec900000)
 ParOldGen       total 68608K, used 23117K [0x00000000c0000000, 0x00000000c4300000, 0x00000000eab00000)
  object space 68608K, 33% used [0x00000000c0000000,0x00000000c1693768,0x00000000c4300000)
 Metaspace       used 33131K, capacity 34681K, committed 34944K, reserved 1081344K
  class space    used 3158K, capacity 3631K, committed 3712K, reserved 1048576K
}
Event: 11.999 GC heap after
{Heap after GC invocations=13 (full 1):
 PSYoungGen      total 24064K, used 1972K [0x00000000eab00000, 0x00000000ec880000, 0x0000000100000000)
  eden space 22016K, 0% used [0x00000000eab00000,0x00000000eab00000,0x00000000ec080000)
  from space 2048K, 96% used [0x00000000ec680000,0x00000000ec86d000,0x00000000ec880000)
  to   space 2560K, 0% used [0x00000000ec380000,0x00000000ec380000,0x00000000ec600000)
 ParOldGen       total 68608K, used 25407K [0x00000000c0000000, 0x00000000c4300000, 0x00000000eab00000)
  object space 68608K, 37% used [0x00000000c0000000,0x00000000c18cfc58,0x00000000c4300000)
 Metaspace       used 33131K, capacity 34681K, committed 34944K, reserved 1081344K
  class space    used 3158K, capacity 3631K, committed 3712K, reserved 1048576K
}
Event: 12.722 GC heap before
{Heap before GC invocations=14 (full 1):
 PSYoungGen      total 24064K, used 12618K [0x00000000eab00000, 0x00000000ec880000, 0x0000000100000000)
  eden space 22016K, 48% used [0x00000000eab00000,0x00000000eb565918,0x00000000ec080000)
  from space 2048K, 96% used [0x00000000ec680000,0x00000000ec86d000,0x00000000ec880000)
  to   space 2560K, 0% used [0x00000000ec380000,0x00000000ec380000,0x00000000ec600000)
 ParOldGen       total 68608K, used 25407K [0x00000000c0000000, 0x00000000c4300000, 0x00000000eab00000)
  object space 68608K, 37% used [0x00000000c0000000,0x00000000c18cfc58,0x00000000c4300000)
 Metaspace       used 33942K, capacity 35335K, committed 35416K, reserved 1081344K
  class space    used 3220K, capacity 3700K, committed 3712K, reserved 1048576K
}
Event: 12.729 GC heap after
{Heap after GC invocations=14 (full 1):
 PSYoungGen      total 22528K, used 340K [0x00000000eab00000, 0x00000000ec700000, 0x0000000100000000)
  eden space 22016K, 0% used [0x00000000eab00000,0x00000000eab00000,0x00000000ec080000)
  from space 512K, 66% used [0x00000000ec380000,0x00000000ec3d5268,0x00000000ec400000)
  to   space 1536K, 0% used [0x00000000ec580000,0x00000000ec580000,0x00000000ec700000)
 ParOldGen       total 68608K, used 26847K [0x00000000c0000000, 0x00000000c4300000, 0x00000000eab00000)
  object space 68608K, 39% used [0x00000000c0000000,0x00000000c1a37ca0,0x00000000c4300000)
 Metaspace       used 33942K, capacity 35335K, committed 35416K, reserved 1081344K
  class space    used 3220K, capacity 3700K, committed 3712K, reserved 1048576K
}
Event: 12.729 GC heap before
{Heap before GC invocations=15 (full 2):
 PSYoungGen      total 22528K, used 340K [0x00000000eab00000, 0x00000000ec700000, 0x0000000100000000)
  eden space 22016K, 0% used [0x00000000eab00000,0x00000000eab00000,0x00000000ec080000)
  from space 512K, 66% used [0x00000000ec380000,0x00000000ec3d5268,0x00000000ec400000)
  to   space 1536K, 0% used [0x00000000ec580000,0x00000000ec580000,0x00000000ec700000)
 ParOldGen       total 68608K, used 26847K [0x00000000c0000000, 0x00000000c4300000, 0x00000000eab00000)
  object space 68608K, 39% used [0x00000000c0000000,0x00000000c1a37ca0,0x00000000c4300000)
 Metaspace       used 33942K, capacity 35335K, committed 35416K, reserved 1081344K
  class space    used 3220K, capacity 3700K, committed 3712K, reserved 1048576K
}
Event: 13.028 GC heap after
{Heap after GC invocations=15 (full 2):
 PSYoungGen      total 22528K, used 0K [0x00000000eab00000, 0x00000000ec700000, 0x0000000100000000)
  eden space 22016K, 0% used [0x00000000eab00000,0x00000000eab00000,0x00000000ec080000)
  from space 512K, 0% used [0x00000000ec380000,0x00000000ec380000,0x00000000ec400000)
  to   space 1536K, 0% used [0x00000000ec580000,0x00000000ec580000,0x00000000ec700000)
 ParOldGen       total 68608K, used 26682K [0x00000000c0000000, 0x00000000c4300000, 0x00000000eab00000)
  object space 68608K, 38% used [0x00000000c0000000,0x00000000c1a0e8e8,0x00000000c4300000)
 Metaspace       used 33942K, capacity 35335K, committed 35416K, reserved 1081344K
  class space    used 3220K, capacity 3700K, committed 3712K, reserved 1048576K
}

